<?xml version="1.0" encoding="UTF-8"?>
<testsuite name="by.sqa.addressbook.GroupCreationTests" tests="1" skipped="0" failures="0" errors="0" timestamp="2021-10-07T07:13:44" hostname="DESKTOP-ETMDK34" time="2.956">
  <properties/>
  <testcase name="testGroupCreationTests" classname="by.sqa.addressbook.GroupCreationTests" time="2.956"/>
  <system-out><![CDATA[]]></system-out>
  <system-err><![CDATA[1633590817442	geckodriver	INFO	Listening on 127.0.0.1:4661
1633590817838	mozrunner::runner	INFO	Running command: "C:\\Program Files (x86)\\Mozilla Firefox\\firefox.exe" "--marionette" "-no-remote" "-profile" "C:\\Users\\Lenovo\\AppData\\Local\\Temp\\rust_mozprofileGmbcAF"
1633590819004	Marionette	INFO	Marionette enabled
console.warn: SearchSettings: "get: No settings file exists, new profile?" (new NotFoundError("Could not open the file at C:\\Users\\Lenovo\\AppData\\Local\\Temp\\rust_mozprofileGmbcAF\\search.json.mozlz4", (void 0)))
1633590824100	Marionette	INFO	Listening on port 51847
1633590824230	RemoteAgent	WARN	TLS certificate errors will be ignored for this session
окт. 07, 2021 10:13:44 AM org.openqa.selenium.remote.ProtocolHandshake createSession
INFO: Detected dialect: W3C
]]></system-err>
</testsuite>
