<?xml version="1.0" encoding="UTF-8"?>
<testsuite name="by.igar.addressbook.test.testGroupMod2" tests="1" skipped="0" failures="0" errors="0" timestamp="2021-10-10T14:17:23" hostname="DESKTOP-ETMDK34" time="15.59">
  <properties/>
  <testcase name="testGroupMod2" classname="by.igar.addressbook.test.testGroupMod2" time="15.59"/>
  <system-out><![CDATA[]]></system-out>
  <system-err><![CDATA[1633875430740	geckodriver	INFO	Listening on 127.0.0.1:34390
1633875431107	mozrunner::runner	INFO	Running command: "C:\\Program Files (x86)\\Mozilla Firefox\\firefox.exe" "--marionette" "-no-remote" "-profile" "C:\\Users\\Lenovo\\AppData\\Local\\Temp\\rust_mozprofilegWTMhB"
1633875431776	Marionette	INFO	Marionette enabled
console.warn: SearchSettings: "get: No settings file exists, new profile?" (new NotFoundError("Could not open the file at C:\\Users\\Lenovo\\AppData\\Local\\Temp\\rust_mozprofilegWTMhB\\search.json.mozlz4", (void 0)))
1633875436304	Marionette	INFO	Listening on port 65495
1633875436551	RemoteAgent	WARN	TLS certificate errors will be ignored for this session
окт. 10, 2021 5:17:16 PM org.openqa.selenium.remote.ProtocolHandshake createSession
INFO: Detected dialect: W3C
1633875436965	geckodriver	INFO	Listening on 127.0.0.1:37391
1633875437019	mozrunner::runner	INFO	Running command: "C:\\Program Files (x86)\\Mozilla Firefox\\firefox.exe" "--marionette" "-no-remote" "-profile" "C:\\Users\\Lenovo\\AppData\\Local\\Temp\\rust_mozprofileiZ1QAa"
1633875438126	Marionette	INFO	Marionette enabled
console.warn: SearchSettings: "get: No settings file exists, new profile?" (new NotFoundError("Could not open the file at C:\\Users\\Lenovo\\AppData\\Local\\Temp\\rust_mozprofileiZ1QAa\\search.json.mozlz4", (void 0)))
1633875443349	Marionette	INFO	Listening on port 50169
1633875443466	RemoteAgent	WARN	TLS certificate errors will be ignored for this session
окт. 10, 2021 5:17:23 PM org.openqa.selenium.remote.ProtocolHandshake createSession
INFO: Detected dialect: W3C
1633875459543	Marionette	INFO	Stopped listening on port 50169
JavaScript error: resource:///modules/Interactions.jsm, line 201: NS_ERROR_FAILURE: Component returned failure code: 0x80004005 (NS_ERROR_FAILURE) [nsIUserIdleService.removeIdleObserver]
]]></system-err>
</testsuite>
