<?xml version="1.0" encoding="UTF-8"?>
<testsuite name="by.sqa.addressbook.testGroupDeletion2" tests="1" skipped="0" failures="0" errors="0" timestamp="2021-10-07T13:16:15" hostname="DESKTOP-ETMDK34" time="17.4">
  <properties/>
  <testcase name="testGroupCreationTests" classname="by.sqa.addressbook.testGroupDeletion2" time="17.4"/>
  <system-out><![CDATA[]]></system-out>
  <system-err><![CDATA[1633612563862	geckodriver	INFO	Listening on 127.0.0.1:10078
1633612564391	mozrunner::runner	INFO	Running command: "C:\\Program Files (x86)\\Mozilla Firefox\\firefox.exe" "--marionette" "-no-remote" "-profile" "C:\\Users\\Lenovo\\AppData\\Local\\Temp\\rust_mozprofilel6QZkK"
1633612566198	Marionette	INFO	Marionette enabled
console.warn: SearchSettings: "get: No settings file exists, new profile?" (new NotFoundError("Could not open the file at C:\\Users\\Lenovo\\AppData\\Local\\Temp\\rust_mozprofilel6QZkK\\search.json.mozlz4", (void 0)))
1633612573100	Marionette	INFO	Listening on port 53280
1633612573578	RemoteAgent	WARN	TLS certificate errors will be ignored for this session
окт. 07, 2021 4:16:13 PM org.openqa.selenium.remote.ProtocolHandshake createSession
INFO: Detected dialect: W3C
1633612593074	Marionette	INFO	Stopped listening on port 53280
JavaScript error: resource:///modules/Interactions.jsm, line 201: NS_ERROR_FAILURE: Component returned failure code: 0x80004005 (NS_ERROR_FAILURE) [nsIUserIdleService.removeIdleObserver]
]]></system-err>
</testsuite>
