<?xml version="1.0" encoding="UTF-8"?>
<testsuite name="by.sqa.addressbook.GroupCreationTests" tests="1" skipped="0" failures="0" errors="0" timestamp="2021-10-07T07:37:17" hostname="DESKTOP-ETMDK34" time="1.303">
  <properties/>
  <testcase name="testGroupCreation" classname="by.sqa.addressbook.GroupCreationTests" time="1.303"/>
  <system-out><![CDATA[]]></system-out>
  <system-err><![CDATA[1633592228751	geckodriver	INFO	Listening on 127.0.0.1:35516
1633592229125	mozrunner::runner	INFO	Running command: "C:\\Program Files (x86)\\Mozilla Firefox\\firefox.exe" "--marionette" "-no-remote" "-profile" "C:\\Users\\Lenovo\\AppData\\Local\\Temp\\rust_mozprofiled5noF8"
1633592230309	Marionette	INFO	Marionette enabled
console.warn: SearchSettings: "get: No settings file exists, new profile?" (new NotFoundError("Could not open the file at C:\\Users\\Lenovo\\AppData\\Local\\Temp\\rust_mozprofiled5noF8\\search.json.mozlz4", (void 0)))
1633592235218	Marionette	INFO	Listening on port 62758
1633592235524	RemoteAgent	WARN	TLS certificate errors will be ignored for this session
окт. 07, 2021 10:37:15 AM org.openqa.selenium.remote.ProtocolHandshake createSession
INFO: Detected dialect: W3C
1633592238345	Marionette	INFO	Stopped listening on port 62758
JavaScript error: resource:///modules/Interactions.jsm, line 201: NS_ERROR_FAILURE: Component returned failure code: 0x80004005 (NS_ERROR_FAILURE) [nsIUserIdleService.removeIdleObserver]

###!!! [Parent][MessageChannel] Error: (msgtype=0x39007A,name=PContent::Msg_DestroyBrowsingContextGroup) Closed channel: cannot send/recv


###!!! [Child][MessageChannel] Error: (msgtype=0x23002F,name=PBrowser::Msg___delete__) Channel closing: too late to send/recv, messages will be lost


###!!! [Parent][RunMessage] Error: Channel closing: too late to send/recv, messages will be lost

]]></system-err>
</testsuite>
