<?xml version="1.0" encoding="UTF-8"?>
<testsuite name="by.egar.addressbook.test.ContactModTests" tests="1" skipped="0" failures="0" errors="0" timestamp="2021-10-13T06:07:54" hostname="DESKTOP-ETMDK34" time="1.723">
  <properties/>
  <testcase name="testContactMod" classname="by.egar.addressbook.test.ContactModTests" time="1.723"/>
  <system-out><![CDATA[]]></system-out>
  <system-err><![CDATA[1634105266049	geckodriver	INFO	Listening on 127.0.0.1:18931
1634105266545	mozrunner::runner	INFO	Running command: "C:\\Program Files (x86)\\Mozilla Firefox\\firefox.exe" "--marionette" "-no-remote" "-profile" "C:\\Users\\Lenovo\\AppData\\Local\\Temp\\rust_mozprofileMyX668"
1634105267878	Marionette	INFO	Marionette enabled
console.warn: SearchSettings: "get: No settings file exists, new profile?" (new NotFoundError("Could not open the file at C:\\Users\\Lenovo\\AppData\\Local\\Temp\\rust_mozprofileMyX668\\search.json.mozlz4", (void 0)))
1634105272866	Marionette	INFO	Listening on port 59440
1634105273228	RemoteAgent	WARN	TLS certificate errors will be ignored for this session
окт. 13, 2021 9:07:53 AM org.openqa.selenium.remote.ProtocolHandshake createSession
INFO: Detected dialect: W3C
1634105276448	Marionette	INFO	Stopped listening on port 59440
JavaScript error: resource:///modules/Interactions.jsm, line 201: NS_ERROR_FAILURE: Component returned failure code: 0x80004005 (NS_ERROR_FAILURE) [nsIUserIdleService.removeIdleObserver]
]]></system-err>
</testsuite>
