<?xml version="1.0" encoding="UTF-8"?>
<testsuite name="by.sqa.addressbook.GroupCreationTests" tests="1" skipped="0" failures="0" errors="0" timestamp="2021-10-07T11:47:40" hostname="DESKTOP-ETMDK34" time="1.689">
  <properties/>
  <testcase name="testGroupCreation" classname="by.sqa.addressbook.GroupCreationTests" time="1.689"/>
  <system-out><![CDATA[]]></system-out>
  <system-err><![CDATA[1633607252841	geckodriver	INFO	Listening on 127.0.0.1:17037
1633607253199	mozrunner::runner	INFO	Running command: "C:\\Program Files (x86)\\Mozilla Firefox\\firefox.exe" "--marionette" "-no-remote" "-profile" "C:\\Users\\Lenovo\\AppData\\Local\\Temp\\rust_mozprofileOcJxh9"
1633607254030	Marionette	INFO	Marionette enabled
console.warn: SearchSettings: "get: No settings file exists, new profile?" (new NotFoundError("Could not open the file at C:\\Users\\Lenovo\\AppData\\Local\\Temp\\rust_mozprofileOcJxh9\\search.json.mozlz4", (void 0)))
1633607259474	Marionette	INFO	Listening on port 52990
1633607259588	RemoteAgent	WARN	TLS certificate errors will be ignored for this session
окт. 07, 2021 2:47:39 PM org.openqa.selenium.remote.ProtocolHandshake createSession
INFO: Detected dialect: W3C
1633607262580	Marionette	INFO	Stopped listening on port 52990
JavaScript error: resource:///modules/Interactions.jsm, line 201: NS_ERROR_FAILURE: Component returned failure code: 0x80004005 (NS_ERROR_FAILURE) [nsIUserIdleService.removeIdleObserver]

###!!! [Parent][RunMessage] Error: Channel closing: too late to send/recv, messages will be lost

]]></system-err>
</testsuite>
