<?xml version="1.0" encoding="UTF-8"?>
<testsuite name="by.sqa.addressbook.testGroupCreation2" tests="1" skipped="0" failures="0" errors="0" timestamp="2021-10-07T10:10:44" hostname="DESKTOP-ETMDK34" time="18.855">
  <properties/>
  <testcase name="testGroupCreationTests" classname="by.sqa.addressbook.testGroupCreation2" time="18.855"/>
  <system-out><![CDATA[]]></system-out>
  <system-err><![CDATA[1633601436302	geckodriver	INFO	Listening on 127.0.0.1:3686
1633601436822	mozrunner::runner	INFO	Running command: "C:\\Program Files (x86)\\Mozilla Firefox\\firefox.exe" "--marionette" "-no-remote" "-profile" "C:\\Users\\Lenovo\\AppData\\Local\\Temp\\rust_mozprofilePETQrW"
1633601438124	Marionette	INFO	Marionette enabled
console.warn: SearchSettings: "get: No settings file exists, new profile?" (new NotFoundError("Could not open the file at C:\\Users\\Lenovo\\AppData\\Local\\Temp\\rust_mozprofilePETQrW\\search.json.mozlz4", (void 0)))
1633601443328	Marionette	INFO	Listening on port 59450
1633601443851	RemoteAgent	WARN	TLS certificate errors will be ignored for this session
окт. 07, 2021 1:10:43 PM org.openqa.selenium.remote.ProtocolHandshake createSession
INFO: Detected dialect: W3C
1633601463758	Marionette	INFO	Stopped listening on port 59450
JavaScript error: resource:///modules/Interactions.jsm, line 201: NS_ERROR_FAILURE: Component returned failure code: 0x80004005 (NS_ERROR_FAILURE) [nsIUserIdleService.removeIdleObserver]
]]></system-err>
</testsuite>
