<?xml version="1.0" encoding="UTF-8"?>
<testsuite name="by.sqa.addressbook.GroupCreationTests" tests="1" skipped="0" failures="0" errors="0" timestamp="2021-10-07T08:05:27" hostname="DESKTOP-ETMDK34" time="1.423">
  <properties/>
  <testcase name="testGroupCreation" classname="by.sqa.addressbook.GroupCreationTests" time="1.423"/>
  <system-out><![CDATA[]]></system-out>
  <system-err><![CDATA[1633593918916	geckodriver	INFO	Listening on 127.0.0.1:25766
1633593919307	mozrunner::runner	INFO	Running command: "C:\\Program Files (x86)\\Mozilla Firefox\\firefox.exe" "--marionette" "-no-remote" "-profile" "C:\\Users\\Lenovo\\AppData\\Local\\Temp\\rust_mozprofiledLtkwj"
1633593920592	Marionette	INFO	Marionette enabled
console.warn: SearchSettings: "get: No settings file exists, new profile?" (new NotFoundError("Could not open the file at C:\\Users\\Lenovo\\AppData\\Local\\Temp\\rust_mozprofiledLtkwj\\search.json.mozlz4", (void 0)))
1633593925904	Marionette	INFO	Listening on port 63450
1633593926308	RemoteAgent	WARN	TLS certificate errors will be ignored for this session
окт. 07, 2021 11:05:26 AM org.openqa.selenium.remote.ProtocolHandshake createSession
INFO: Detected dialect: W3C
1633593929113	Marionette	INFO	Stopped listening on port 63450
JavaScript error: resource:///modules/Interactions.jsm, line 201: NS_ERROR_FAILURE: Component returned failure code: 0x80004005 (NS_ERROR_FAILURE) [nsIUserIdleService.removeIdleObserver]
[Parent 15300, IPC I/O Parent] WARNING: file /builds/worker/checkouts/gecko/ipc/chromium/src/base/process_util_win.cc:167

###!!! [Parent][RunMessage] Error: Channel closing: too late to send/recv, messages will be lost

]]></system-err>
</testsuite>
