<?xml version="1.0" encoding="UTF-8"?>
<testsuite name="by.egar.addressbook.test.ContactCreationTests" tests="1" skipped="0" failures="0" errors="0" timestamp="2021-10-13T10:22:38" hostname="DESKTOP-ETMDK34" time="3.518">
  <properties/>
  <testcase name="testContactCreation" classname="by.egar.addressbook.test.ContactCreationTests" time="3.518"/>
  <system-out><![CDATA[]]></system-out>
  <system-err><![CDATA[1634120551099	geckodriver	INFO	Listening on 127.0.0.1:38168
1634120551425	mozrunner::runner	INFO	Running command: "C:\\Program Files (x86)\\Mozilla Firefox\\firefox.exe" "--marionette" "-no-remote" "-profile" "C:\\Users\\Lenovo\\AppData\\Local\\Temp\\rust_mozprofileLY3UFr"
1634120552011	Marionette	INFO	Marionette enabled
console.warn: SearchSettings: "get: No settings file exists, new profile?" (new NotFoundError("Could not open the file at C:\\Users\\Lenovo\\AppData\\Local\\Temp\\rust_mozprofileLY3UFr\\search.json.mozlz4", (void 0)))
1634120556668	Marionette	INFO	Listening on port 58577
1634120556800	RemoteAgent	WARN	TLS certificate errors will be ignored for this session
окт. 13, 2021 1:22:36 PM org.openqa.selenium.remote.ProtocolHandshake createSession
INFO: Detected dialect: W3C
1634120561859	Marionette	INFO	Stopped listening on port 58577
JavaScript error: resource:///modules/Interactions.jsm, line 201: NS_ERROR_FAILURE: Component returned failure code: 0x80004005 (NS_ERROR_FAILURE) [nsIUserIdleService.removeIdleObserver]
]]></system-err>
</testsuite>
