<?xml version="1.0" encoding="UTF-8"?>
<testsuite name="by.egar.addressbook.test.ContactCreationTests" tests="1" skipped="0" failures="0" errors="0" timestamp="2021-10-12T19:42:47" hostname="DESKTOP-ETMDK34" time="1.681">
  <properties/>
  <testcase name="testContactCreation" classname="by.egar.addressbook.test.ContactCreationTests" time="1.681"/>
  <system-out><![CDATA[]]></system-out>
  <system-err><![CDATA[1634067758407	geckodriver	INFO	Listening on 127.0.0.1:4079
1634067758775	mozrunner::runner	INFO	Running command: "C:\\Program Files (x86)\\Mozilla Firefox\\firefox.exe" "--marionette" "-no-remote" "-profile" "C:\\Users\\Lenovo\\AppData\\Local\\Temp\\rust_mozprofilewXjewp"
1634067760190	Marionette	INFO	Marionette enabled
console.warn: SearchSettings: "get: No settings file exists, new profile?" (new NotFoundError("Could not open the file at C:\\Users\\Lenovo\\AppData\\Local\\Temp\\rust_mozprofilewXjewp\\search.json.mozlz4", (void 0)))
1634067765931	Marionette	INFO	Listening on port 65514
1634067766280	RemoteAgent	WARN	TLS certificate errors will be ignored for this session
окт. 12, 2021 10:42:46 PM org.openqa.selenium.remote.ProtocolHandshake createSession
INFO: Detected dialect: W3C
1634067769488	Marionette	INFO	Stopped listening on port 65514
JavaScript error: resource:///modules/Interactions.jsm, line 201: NS_ERROR_FAILURE: Component returned failure code: 0x80004005 (NS_ERROR_FAILURE) [nsIUserIdleService.removeIdleObserver]
]]></system-err>
</testsuite>
